TN:
SF:src\object.ts
FN:10,pick
FN:38,omit
FNF:2
FNH:2
FNDA:6,pick
FNDA:7,omit
DA:1,1
DA:10,1
DA:11,6
DA:12,6
DA:13,6
DA:14,6
DA:15,2
DA:16,2
DA:18,6
DA:19,1
DA:20,1
DA:22,3
DA:24,6
DA:25,5
DA:26,4
DA:27,4
DA:28,5
DA:30,3
DA:31,3
DA:38,1
DA:39,7
DA:40,7
DA:41,7
DA:42,7
DA:43,2
DA:44,2
DA:46,7
DA:47,1
DA:48,1
DA:50,4
DA:51,4
DA:53,7
DA:54,10
DA:55,6
DA:56,6
DA:57,10
DA:59,4
DA:60,4
LF:38
LH:38
BRDA:10,0,0,6
BRDA:14,1,0,2
BRDA:16,2,0,4
BRDA:18,3,0,1
BRDA:20,4,0,3
BRDA:24,5,0,5
BRDA:25,6,0,4
BRDA:28,7,0,3
BRDA:38,8,0,7
BRDA:42,9,0,2
BRDA:44,10,0,5
BRDA:46,11,0,1
BRDA:48,12,0,4
BRDA:53,13,0,10
BRDA:54,14,0,6
BRDA:57,15,0,4
BRF:16
BRH:16
end_of_record
